Oct 13, 2013 12:08:58 AM org.apache.catalina.core.AprLifecycleListener init
INFO: The APR based Apache Tomcat Native library which allows optimal performance in production environments was not found on the java.library.path: /Users/theo/Library/Java/Extensions:/Library/Java/Extensions:/Network/Library/Java/Extensions:/System/Library/Java/Extensions:/usr/lib/java:.
Oct 13, 2013 12:08:59 AM org.apache.coyote.AbstractProtocol init
INFO: Initializing ProtocolHandler ["http-bio-8080"]
Oct 13, 2013 12:08:59 AM org.apache.coyote.AbstractProtocol init
INFO: Initializing ProtocolHandler ["ajp-bio-8009"]
Oct 13, 2013 12:08:59 AM org.apache.catalina.startup.Catalina load
INFO: Initialization processed in 1042 ms
Oct 13, 2013 12:08:59 AM org.apache.catalina.core.StandardService startInternal
INFO: Starting service Catalina
Oct 13, 2013 12:08:59 AM org.apache.catalina.core.StandardEngine startInternal
INFO: Starting Servlet Engine: Apache Tomcat/7.0.42
Oct 13, 2013 12:08:59 AM org.apache.catalina.startup.HostConfig deployWAR
INFO: Deploying web application archive /Applications/jrubystack-1.7.5-0/apache-tomcat/webapps/medditJrubyTest.war
Oct 13, 2013 12:09:02 AM org.apache.tomcat.util.digester.Digester fatalError
SEVERE: Parse Fatal Error at line 32 column 1: Content is not allowed in trailing section.
org.xml.sax.SAXParseException; systemId: jndi:/localhost/medditJrubyTest/WEB-INF/web.xml; lineNumber: 32; columnNumber: 1; Content is not allowed in trailing section.
	at com.sun.org.apache.xerces.internal.util.ErrorHandlerWrapper.createSAXParseException(ErrorHandlerWrapper.java:198)
	at com.sun.org.apache.xerces.internal.util.ErrorHandlerWrapper.fatalError(ErrorHandlerWrapper.java:177)
	at com.sun.org.apache.xerces.internal.impl.XMLErrorReporter.reportError(XMLErrorReporter.java:441)
	at com.sun.org.apache.xerces.internal.impl.XMLErrorReporter.reportError(XMLErrorReporter.java:368)
	at com.sun.org.apache.xerces.internal.impl.XMLScanner.reportFatalError(XMLScanner.java:1388)
	at com.sun.org.apache.xerces.internal.impl.XMLDocumentScannerImpl$TrailingMiscDriver.next(XMLDocumentScannerImpl.java:1431)
	at com.sun.org.apache.xerces.internal.impl.XMLDocumentScannerImpl.next(XMLDocumentScannerImpl.java:606)
	at com.sun.org.apache.xerces.internal.impl.XMLDocumentFragmentScannerImpl.scanDocument(XMLDocumentFragmentScannerImpl.java:511)
	at com.sun.org.apache.xerces.internal.parsers.XML11Configuration.parse(XML11Configuration.java:846)
	at com.sun.org.apache.xerces.internal.parsers.XML11Configuration.parse(XML11Configuration.java:775)
	at com.sun.org.apache.xerces.internal.parsers.XMLParser.parse(XMLParser.java:123)
	at com.sun.org.apache.xerces.internal.parsers.AbstractSAXParser.parse(AbstractSAXParser.java:1210)
	at com.sun.org.apache.xerces.internal.jaxp.SAXParserImpl$JAXPSAXParser.parse(SAXParserImpl.java:628)
	at org.apache.tomcat.util.digester.Digester.parse(Digester.java:1537)
	at org.apache.catalina.startup.ContextConfig.parseWebXml(ContextConfig.java:1883)
	at org.apache.catalina.startup.ContextConfig.webConfig(ContextConfig.java:1252)
	at org.apache.catalina.startup.ContextConfig.configureStart(ContextConfig.java:878)
	at org.apache.catalina.startup.ContextConfig.lifecycleEvent(ContextConfig.java:376)
	at org.apache.catalina.util.LifecycleSupport.fireLifecycleEvent(LifecycleSupport.java:119)
	at org.apache.catalina.util.LifecycleBase.fireLifecycleEvent(LifecycleBase.java:90)
	at org.apache.catalina.core.StandardContext.startInternal(StandardContext.java:5322)
	at org.apache.catalina.util.LifecycleBase.start(LifecycleBase.java:150)
	at org.apache.catalina.core.ContainerBase.addChildInternal(ContainerBase.java:901)
	at org.apache.catalina.core.ContainerBase.addChild(ContainerBase.java:877)
	at org.apache.catalina.core.StandardHost.addChild(StandardHost.java:633)
	at org.apache.catalina.startup.HostConfig.deployWAR(HostConfig.java:976)
	at org.apache.catalina.startup.HostConfig$DeployWar.run(HostConfig.java:1653)
	at java.util.concurrent.Executors$RunnableAdapter.call(Executors.java:471)
	at java.util.concurrent.FutureTask.run(FutureTask.java:262)
	at java.util.concurrent.ThreadPoolExecutor.runWorker(ThreadPoolExecutor.java:1145)
	at java.util.concurrent.ThreadPoolExecutor$Worker.run(ThreadPoolExecutor.java:615)
	at java.lang.Thread.run(Thread.java:724)

Oct 13, 2013 12:09:02 AM org.apache.catalina.startup.ContextConfig parseWebXml
SEVERE: Parse error in application web.xml file at jndi:/localhost/medditJrubyTest/WEB-INF/web.xml
org.xml.sax.SAXParseException; systemId: jndi:/localhost/medditJrubyTest/WEB-INF/web.xml; lineNumber: 32; columnNumber: 1; Content is not allowed in trailing section.
	at com.sun.org.apache.xerces.internal.util.ErrorHandlerWrapper.createSAXParseException(ErrorHandlerWrapper.java:198)
	at com.sun.org.apache.xerces.internal.util.ErrorHandlerWrapper.fatalError(ErrorHandlerWrapper.java:177)
	at com.sun.org.apache.xerces.internal.impl.XMLErrorReporter.reportError(XMLErrorReporter.java:441)
	at com.sun.org.apache.xerces.internal.impl.XMLErrorReporter.reportError(XMLErrorReporter.java:368)
	at com.sun.org.apache.xerces.internal.impl.XMLScanner.reportFatalError(XMLScanner.java:1388)
	at com.sun.org.apache.xerces.internal.impl.XMLDocumentScannerImpl$TrailingMiscDriver.next(XMLDocumentScannerImpl.java:1431)
	at com.sun.org.apache.xerces.internal.impl.XMLDocumentScannerImpl.next(XMLDocumentScannerImpl.java:606)
	at com.sun.org.apache.xerces.internal.impl.XMLDocumentFragmentScannerImpl.scanDocument(XMLDocumentFragmentScannerImpl.java:511)
	at com.sun.org.apache.xerces.internal.parsers.XML11Configuration.parse(XML11Configuration.java:846)
	at com.sun.org.apache.xerces.internal.parsers.XML11Configuration.parse(XML11Configuration.java:775)
	at com.sun.org.apache.xerces.internal.parsers.XMLParser.parse(XMLParser.java:123)
	at com.sun.org.apache.xerces.internal.parsers.AbstractSAXParser.parse(AbstractSAXParser.java:1210)
	at com.sun.org.apache.xerces.internal.jaxp.SAXParserImpl$JAXPSAXParser.parse(SAXParserImpl.java:628)
	at org.apache.tomcat.util.digester.Digester.parse(Digester.java:1537)
	at org.apache.catalina.startup.ContextConfig.parseWebXml(ContextConfig.java:1883)
	at org.apache.catalina.startup.ContextConfig.webConfig(ContextConfig.java:1252)
	at org.apache.catalina.startup.ContextConfig.configureStart(ContextConfig.java:878)
	at org.apache.catalina.startup.ContextConfig.lifecycleEvent(ContextConfig.java:376)
	at org.apache.catalina.util.LifecycleSupport.fireLifecycleEvent(LifecycleSupport.java:119)
	at org.apache.catalina.util.LifecycleBase.fireLifecycleEvent(LifecycleBase.java:90)
	at org.apache.catalina.core.StandardContext.startInternal(StandardContext.java:5322)
	at org.apache.catalina.util.LifecycleBase.start(LifecycleBase.java:150)
	at org.apache.catalina.core.ContainerBase.addChildInternal(ContainerBase.java:901)
	at org.apache.catalina.core.ContainerBase.addChild(ContainerBase.java:877)
	at org.apache.catalina.core.StandardHost.addChild(StandardHost.java:633)
	at org.apache.catalina.startup.HostConfig.deployWAR(HostConfig.java:976)
	at org.apache.catalina.startup.HostConfig$DeployWar.run(HostConfig.java:1653)
	at java.util.concurrent.Executors$RunnableAdapter.call(Executors.java:471)
	at java.util.concurrent.FutureTask.run(FutureTask.java:262)
	at java.util.concurrent.ThreadPoolExecutor.runWorker(ThreadPoolExecutor.java:1145)
	at java.util.concurrent.ThreadPoolExecutor$Worker.run(ThreadPoolExecutor.java:615)
	at java.lang.Thread.run(Thread.java:724)

Oct 13, 2013 12:09:02 AM org.apache.catalina.startup.ContextConfig parseWebXml
SEVERE: Occurred at line 32 column 1
Oct 13, 2013 12:09:02 AM org.apache.catalina.startup.ContextConfig configureStart
SEVERE: Marking this application unavailable due to previous error(s)
Oct 13, 2013 12:09:03 AM org.apache.catalina.core.StandardContext startInternal
SEVERE: Error getConfigured
Oct 13, 2013 12:09:04 AM org.apache.catalina.util.SessionIdGenerator createSecureRandom
INFO: Creation of SecureRandom instance for session ID generation using [SHA1PRNG] took [1,426] milliseconds.
Oct 13, 2013 12:09:04 AM org.apache.catalina.core.StandardContext startInternal
SEVERE: Context [/medditJrubyTest] startup failed due to previous errors
Oct 13, 2013 12:09:04 AM org.apache.catalina.startup.HostConfig deployDirectory
INFO: Deploying web application directory /Applications/jrubystack-1.7.5-0/apache-tomcat/webapps/docs
Oct 13, 2013 12:09:05 AM org.apache.catalina.startup.HostConfig deployDirectory
INFO: Deploying web application directory /Applications/jrubystack-1.7.5-0/apache-tomcat/webapps/examples
Oct 13, 2013 12:09:05 AM org.apache.catalina.startup.HostConfig deployDirectory
INFO: Deploying web application directory /Applications/jrubystack-1.7.5-0/apache-tomcat/webapps/host-manager
Oct 13, 2013 12:09:05 AM org.apache.catalina.startup.HostConfig deployDirectory
INFO: Deploying web application directory /Applications/jrubystack-1.7.5-0/apache-tomcat/webapps/manager
Oct 13, 2013 12:09:05 AM org.apache.catalina.startup.HostConfig deployDirectory
INFO: Deploying web application directory /Applications/jrubystack-1.7.5-0/apache-tomcat/webapps/ROOT
Oct 13, 2013 12:09:05 AM org.apache.coyote.AbstractProtocol start
INFO: Starting ProtocolHandler ["http-bio-8080"]
Oct 13, 2013 12:09:05 AM org.apache.coyote.AbstractProtocol start
INFO: Starting ProtocolHandler ["ajp-bio-8009"]
Oct 13, 2013 12:09:05 AM org.apache.catalina.startup.Catalina start
INFO: Server startup in 6263 ms
Oct 13, 2013 12:12:03 AM org.apache.catalina.core.StandardServer await
INFO: A valid shutdown command was received via the shutdown port. Stopping the Server instance.
Oct 13, 2013 12:12:03 AM org.apache.coyote.AbstractProtocol pause
INFO: Pausing ProtocolHandler ["http-bio-8080"]
Oct 13, 2013 12:12:03 AM org.apache.coyote.AbstractProtocol pause
INFO: Pausing ProtocolHandler ["ajp-bio-8009"]
Oct 13, 2013 12:12:03 AM org.apache.catalina.core.StandardService stopInternal
INFO: Stopping service Catalina
Oct 13, 2013 12:12:03 AM org.apache.coyote.AbstractProtocol stop
INFO: Stopping ProtocolHandler ["http-bio-8080"]
Oct 13, 2013 12:12:03 AM org.apache.coyote.AbstractProtocol stop
INFO: Stopping ProtocolHandler ["ajp-bio-8009"]
Oct 13, 2013 12:12:03 AM org.apache.coyote.AbstractProtocol destroy
INFO: Destroying ProtocolHandler ["http-bio-8080"]
Oct 13, 2013 12:12:03 AM org.apache.coyote.AbstractProtocol destroy
INFO: Destroying ProtocolHandler ["ajp-bio-8009"]
Oct 13, 2013 12:12:16 AM org.apache.catalina.core.AprLifecycleListener init
INFO: The APR based Apache Tomcat Native library which allows optimal performance in production environments was not found on the java.library.path: /Users/theo/Library/Java/Extensions:/Library/Java/Extensions:/Network/Library/Java/Extensions:/System/Library/Java/Extensions:/usr/lib/java:.
Oct 13, 2013 12:12:17 AM org.apache.coyote.AbstractProtocol init
INFO: Initializing ProtocolHandler ["http-bio-8080"]
Oct 13, 2013 12:12:17 AM org.apache.coyote.AbstractProtocol init
INFO: Initializing ProtocolHandler ["ajp-bio-8009"]
Oct 13, 2013 12:12:17 AM org.apache.catalina.startup.Catalina load
INFO: Initialization processed in 488 ms
Oct 13, 2013 12:12:17 AM org.apache.catalina.core.StandardService startInternal
INFO: Starting service Catalina
Oct 13, 2013 12:12:17 AM org.apache.catalina.core.StandardEngine startInternal
INFO: Starting Servlet Engine: Apache Tomcat/7.0.42
Oct 13, 2013 12:12:17 AM org.apache.catalina.startup.HostConfig deployWAR
INFO: Deploying web application archive /Applications/jrubystack-1.7.5-0/apache-tomcat/webapps/medditJrubyTest.war
Oct 13, 2013 12:12:17 AM org.apache.tomcat.util.digester.Digester fatalError
SEVERE: Parse Fatal Error at line 32 column 1: Content is not allowed in trailing section.
org.xml.sax.SAXParseException; systemId: jndi:/localhost/medditJrubyTest/WEB-INF/web.xml; lineNumber: 32; columnNumber: 1; Content is not allowed in trailing section.
	at com.sun.org.apache.xerces.internal.util.ErrorHandlerWrapper.createSAXParseException(ErrorHandlerWrapper.java:198)
	at com.sun.org.apache.xerces.internal.util.ErrorHandlerWrapper.fatalError(ErrorHandlerWrapper.java:177)
	at com.sun.org.apache.xerces.internal.impl.XMLErrorReporter.reportError(XMLErrorReporter.java:441)
	at com.sun.org.apache.xerces.internal.impl.XMLErrorReporter.reportError(XMLErrorReporter.java:368)
	at com.sun.org.apache.xerces.internal.impl.XMLScanner.reportFatalError(XMLScanner.java:1388)
	at com.sun.org.apache.xerces.internal.impl.XMLDocumentScannerImpl$TrailingMiscDriver.next(XMLDocumentScannerImpl.java:1431)
	at com.sun.org.apache.xerces.internal.impl.XMLDocumentScannerImpl.next(XMLDocumentScannerImpl.java:606)
	at com.sun.org.apache.xerces.internal.impl.XMLDocumentFragmentScannerImpl.scanDocument(XMLDocumentFragmentScannerImpl.java:511)
	at com.sun.org.apache.xerces.internal.parsers.XML11Configuration.parse(XML11Configuration.java:846)
	at com.sun.org.apache.xerces.internal.parsers.XML11Configuration.parse(XML11Configuration.java:775)
	at com.sun.org.apache.xerces.internal.parsers.XMLParser.parse(XMLParser.java:123)
	at com.sun.org.apache.xerces.internal.parsers.AbstractSAXParser.parse(AbstractSAXParser.java:1210)
	at com.sun.org.apache.xerces.internal.jaxp.SAXParserImpl$JAXPSAXParser.parse(SAXParserImpl.java:628)
	at org.apache.tomcat.util.digester.Digester.parse(Digester.java:1537)
	at org.apache.catalina.startup.ContextConfig.parseWebXml(ContextConfig.java:1883)
	at org.apache.catalina.startup.ContextConfig.webConfig(ContextConfig.java:1252)
	at org.apache.catalina.startup.ContextConfig.configureStart(ContextConfig.java:878)
	at org.apache.catalina.startup.ContextConfig.lifecycleEvent(ContextConfig.java:376)
	at org.apache.catalina.util.LifecycleSupport.fireLifecycleEvent(LifecycleSupport.java:119)
	at org.apache.catalina.util.LifecycleBase.fireLifecycleEvent(LifecycleBase.java:90)
	at org.apache.catalina.core.StandardContext.startInternal(StandardContext.java:5322)
	at org.apache.catalina.util.LifecycleBase.start(LifecycleBase.java:150)
	at org.apache.catalina.core.ContainerBase.addChildInternal(ContainerBase.java:901)
	at org.apache.catalina.core.ContainerBase.addChild(ContainerBase.java:877)
	at org.apache.catalina.core.StandardHost.addChild(StandardHost.java:633)
	at org.apache.catalina.startup.HostConfig.deployWAR(HostConfig.java:976)
	at org.apache.catalina.startup.HostConfig$DeployWar.run(HostConfig.java:1653)
	at java.util.concurrent.Executors$RunnableAdapter.call(Executors.java:471)
	at java.util.concurrent.FutureTask.run(FutureTask.java:262)
	at java.util.concurrent.ThreadPoolExecutor.runWorker(ThreadPoolExecutor.java:1145)
	at java.util.concurrent.ThreadPoolExecutor$Worker.run(ThreadPoolExecutor.java:615)
	at java.lang.Thread.run(Thread.java:724)

Oct 13, 2013 12:12:17 AM org.apache.catalina.startup.ContextConfig parseWebXml
SEVERE: Parse error in application web.xml file at jndi:/localhost/medditJrubyTest/WEB-INF/web.xml
org.xml.sax.SAXParseException; systemId: jndi:/localhost/medditJrubyTest/WEB-INF/web.xml; lineNumber: 32; columnNumber: 1; Content is not allowed in trailing section.
	at com.sun.org.apache.xerces.internal.util.ErrorHandlerWrapper.createSAXParseException(ErrorHandlerWrapper.java:198)
	at com.sun.org.apache.xerces.internal.util.ErrorHandlerWrapper.fatalError(ErrorHandlerWrapper.java:177)
	at com.sun.org.apache.xerces.internal.impl.XMLErrorReporter.reportError(XMLErrorReporter.java:441)
	at com.sun.org.apache.xerces.internal.impl.XMLErrorReporter.reportError(XMLErrorReporter.java:368)
	at com.sun.org.apache.xerces.internal.impl.XMLScanner.reportFatalError(XMLScanner.java:1388)
	at com.sun.org.apache.xerces.internal.impl.XMLDocumentScannerImpl$TrailingMiscDriver.next(XMLDocumentScannerImpl.java:1431)
	at com.sun.org.apache.xerces.internal.impl.XMLDocumentScannerImpl.next(XMLDocumentScannerImpl.java:606)
	at com.sun.org.apache.xerces.internal.impl.XMLDocumentFragmentScannerImpl.scanDocument(XMLDocumentFragmentScannerImpl.java:511)
	at com.sun.org.apache.xerces.internal.parsers.XML11Configuration.parse(XML11Configuration.java:846)
	at com.sun.org.apache.xerces.internal.parsers.XML11Configuration.parse(XML11Configuration.java:775)
	at com.sun.org.apache.xerces.internal.parsers.XMLParser.parse(XMLParser.java:123)
	at com.sun.org.apache.xerces.internal.parsers.AbstractSAXParser.parse(AbstractSAXParser.java:1210)
	at com.sun.org.apache.xerces.internal.jaxp.SAXParserImpl$JAXPSAXParser.parse(SAXParserImpl.java:628)
	at org.apache.tomcat.util.digester.Digester.parse(Digester.java:1537)
	at org.apache.catalina.startup.ContextConfig.parseWebXml(ContextConfig.java:1883)
	at org.apache.catalina.startup.ContextConfig.webConfig(ContextConfig.java:1252)
	at org.apache.catalina.startup.ContextConfig.configureStart(ContextConfig.java:878)
	at org.apache.catalina.startup.ContextConfig.lifecycleEvent(ContextConfig.java:376)
	at org.apache.catalina.util.LifecycleSupport.fireLifecycleEvent(LifecycleSupport.java:119)
	at org.apache.catalina.util.LifecycleBase.fireLifecycleEvent(LifecycleBase.java:90)
	at org.apache.catalina.core.StandardContext.startInternal(StandardContext.java:5322)
	at org.apache.catalina.util.LifecycleBase.start(LifecycleBase.java:150)
	at org.apache.catalina.core.ContainerBase.addChildInternal(ContainerBase.java:901)
	at org.apache.catalina.core.ContainerBase.addChild(ContainerBase.java:877)
	at org.apache.catalina.core.StandardHost.addChild(StandardHost.java:633)
	at org.apache.catalina.startup.HostConfig.deployWAR(HostConfig.java:976)
	at org.apache.catalina.startup.HostConfig$DeployWar.run(HostConfig.java:1653)
	at java.util.concurrent.Executors$RunnableAdapter.call(Executors.java:471)
	at java.util.concurrent.FutureTask.run(FutureTask.java:262)
	at java.util.concurrent.ThreadPoolExecutor.runWorker(ThreadPoolExecutor.java:1145)
	at java.util.concurrent.ThreadPoolExecutor$Worker.run(ThreadPoolExecutor.java:615)
	at java.lang.Thread.run(Thread.java:724)

Oct 13, 2013 12:12:17 AM org.apache.catalina.startup.ContextConfig parseWebXml
SEVERE: Occurred at line 32 column 1
Oct 13, 2013 12:12:17 AM org.apache.catalina.startup.ContextConfig configureStart
SEVERE: Marking this application unavailable due to previous error(s)
Oct 13, 2013 12:12:17 AM org.apache.catalina.core.StandardContext startInternal
SEVERE: Error getConfigured
Oct 13, 2013 12:12:19 AM org.apache.catalina.util.SessionIdGenerator createSecureRandom
INFO: Creation of SecureRandom instance for session ID generation using [SHA1PRNG] took [1,346] milliseconds.
Oct 13, 2013 12:12:19 AM org.apache.catalina.core.StandardContext startInternal
SEVERE: Context [/medditJrubyTest] startup failed due to previous errors
Oct 13, 2013 12:12:19 AM org.apache.catalina.startup.HostConfig deployDirectory
INFO: Deploying web application directory /Applications/jrubystack-1.7.5-0/apache-tomcat/webapps/docs
Oct 13, 2013 12:12:19 AM org.apache.catalina.startup.HostConfig deployDirectory
INFO: Deploying web application directory /Applications/jrubystack-1.7.5-0/apache-tomcat/webapps/examples
Oct 13, 2013 12:12:19 AM org.apache.catalina.startup.HostConfig deployDirectory
INFO: Deploying web application directory /Applications/jrubystack-1.7.5-0/apache-tomcat/webapps/host-manager
Oct 13, 2013 12:12:19 AM org.apache.catalina.startup.HostConfig deployDirectory
INFO: Deploying web application directory /Applications/jrubystack-1.7.5-0/apache-tomcat/webapps/manager
Oct 13, 2013 12:12:19 AM org.apache.catalina.startup.HostConfig deployDirectory
INFO: Deploying web application directory /Applications/jrubystack-1.7.5-0/apache-tomcat/webapps/ROOT
Oct 13, 2013 12:12:19 AM org.apache.coyote.AbstractProtocol start
INFO: Starting ProtocolHandler ["http-bio-8080"]
Oct 13, 2013 12:12:19 AM org.apache.coyote.AbstractProtocol start
INFO: Starting ProtocolHandler ["ajp-bio-8009"]
Oct 13, 2013 12:12:19 AM org.apache.catalina.startup.Catalina start
INFO: Server startup in 2408 ms
Oct 13, 2013 12:17:09 AM org.apache.catalina.startup.HostConfig checkResources
INFO: Reloading context [/medditJrubyTest]
Oct 13, 2013 12:31:41 AM org.apache.catalina.startup.HostConfig deleteRedeployResources
INFO: Undeploying context [/medditJrubyTest]
Oct 13, 2013 12:31:41 AM org.apache.catalina.loader.WebappClassLoader checkThreadLocalMapForLeaks
SEVERE: The web application [/medditJrubyTest] created a ThreadLocal with key of type [org.joni.StackMachine$1] (value [org.joni.StackMachine$1@254535c5]) and a value of type [java.lang.ref.WeakReference] (value [java.lang.ref.WeakReference@62cd2ba0]) but failed to remove it when the web application was stopped. Threads are going to be renewed over time to try and avoid a probable memory leak.
Oct 13, 2013 12:31:41 AM org.apache.catalina.loader.WebappClassLoader checkThreadLocalMapForLeaks
SEVERE: The web application [/medditJrubyTest] created a ThreadLocal with key of type [org.jruby.RubyEncoding$2] (value [org.jruby.RubyEncoding$2@beb480d]) and a value of type [org.jruby.RubyEncoding.UTF8Coder] (value [org.jruby.RubyEncoding$UTF8Coder@3c75398]) but failed to remove it when the web application was stopped. Threads are going to be renewed over time to try and avoid a probable memory leak.
Oct 13, 2013 12:31:41 AM org.apache.catalina.loader.WebappClassLoader checkThreadLocalMapForLeaks
SEVERE: The web application [/medditJrubyTest] created a ThreadLocal with key of type [org.joni.StackMachine$1] (value [org.joni.StackMachine$1@254535c5]) and a value of type [java.lang.ref.WeakReference] (value [java.lang.ref.WeakReference@13412218]) but failed to remove it when the web application was stopped. Threads are going to be renewed over time to try and avoid a probable memory leak.
Oct 13, 2013 12:31:41 AM org.apache.catalina.loader.WebappClassLoader checkThreadLocalMapForLeaks
SEVERE: The web application [/medditJrubyTest] created a ThreadLocal with key of type [org.jruby.RubyEncoding$2] (value [org.jruby.RubyEncoding$2@beb480d]) and a value of type [org.jruby.RubyEncoding.UTF8Coder] (value [org.jruby.RubyEncoding$UTF8Coder@19255f88]) but failed to remove it when the web application was stopped. Threads are going to be renewed over time to try and avoid a probable memory leak.
Oct 13, 2013 12:31:41 AM org.apache.catalina.loader.WebappClassLoader checkThreadLocalMapForLeaks
SEVERE: The web application [/medditJrubyTest] created a ThreadLocal with key of type [org.joni.StackMachine$1] (value [org.joni.StackMachine$1@254535c5]) and a value of type [java.lang.ref.WeakReference] (value [java.lang.ref.WeakReference@64a2e69d]) but failed to remove it when the web application was stopped. Threads are going to be renewed over time to try and avoid a probable memory leak.
Oct 13, 2013 12:31:41 AM org.apache.catalina.loader.WebappClassLoader checkThreadLocalMapForLeaks
SEVERE: The web application [/medditJrubyTest] created a ThreadLocal with key of type [org.jruby.RubyEncoding$2] (value [org.jruby.RubyEncoding$2@beb480d]) and a value of type [org.jruby.RubyEncoding.UTF8Coder] (value [org.jruby.RubyEncoding$UTF8Coder@2d28109]) but failed to remove it when the web application was stopped. Threads are going to be renewed over time to try and avoid a probable memory leak.
Oct 13, 2013 12:31:41 AM org.apache.catalina.loader.WebappClassLoader checkThreadLocalMapForLeaks
SEVERE: The web application [/medditJrubyTest] created a ThreadLocal with key of type [org.joni.StackMachine$1] (value [org.joni.StackMachine$1@254535c5]) and a value of type [java.lang.ref.WeakReference] (value [java.lang.ref.WeakReference@4a157751]) but failed to remove it when the web application was stopped. Threads are going to be renewed over time to try and avoid a probable memory leak.
Oct 13, 2013 12:31:41 AM org.apache.catalina.loader.WebappClassLoader checkThreadLocalMapForLeaks
SEVERE: The web application [/medditJrubyTest] created a ThreadLocal with key of type [org.jruby.RubyEncoding$2] (value [org.jruby.RubyEncoding$2@beb480d]) and a value of type [org.jruby.RubyEncoding.UTF8Coder] (value [org.jruby.RubyEncoding$UTF8Coder@474c8cd6]) but failed to remove it when the web application was stopped. Threads are going to be renewed over time to try and avoid a probable memory leak.
Oct 13, 2013 12:31:41 AM org.apache.catalina.loader.WebappClassLoader checkThreadLocalMapForLeaks
SEVERE: The web application [/medditJrubyTest] created a ThreadLocal with key of type [org.joni.StackMachine$1] (value [org.joni.StackMachine$1@254535c5]) and a value of type [java.lang.ref.WeakReference] (value [java.lang.ref.WeakReference@72b25a2b]) but failed to remove it when the web application was stopped. Threads are going to be renewed over time to try and avoid a probable memory leak.
Oct 13, 2013 12:31:41 AM org.apache.catalina.loader.WebappClassLoader checkThreadLocalMapForLeaks
SEVERE: The web application [/medditJrubyTest] created a ThreadLocal with key of type [org.jruby.RubyEncoding$2] (value [org.jruby.RubyEncoding$2@beb480d]) and a value of type [org.jruby.RubyEncoding.UTF8Coder] (value [org.jruby.RubyEncoding$UTF8Coder@1b3df7e1]) but failed to remove it when the web application was stopped. Threads are going to be renewed over time to try and avoid a probable memory leak.
Oct 13, 2013 12:31:41 AM org.apache.catalina.loader.WebappClassLoader checkThreadLocalMapForLeaks
SEVERE: The web application [/medditJrubyTest] created a ThreadLocal with key of type [org.joni.StackMachine$1] (value [org.joni.StackMachine$1@254535c5]) and a value of type [java.lang.ref.WeakReference] (value [java.lang.ref.WeakReference@15ce2c0]) but failed to remove it when the web application was stopped. Threads are going to be renewed over time to try and avoid a probable memory leak.
Oct 13, 2013 12:31:41 AM org.apache.catalina.loader.WebappClassLoader checkThreadLocalMapForLeaks
SEVERE: The web application [/medditJrubyTest] created a ThreadLocal with key of type [org.jruby.RubyEncoding$2] (value [org.jruby.RubyEncoding$2@beb480d]) and a value of type [org.jruby.RubyEncoding.UTF8Coder] (value [org.jruby.RubyEncoding$UTF8Coder@792aabf2]) but failed to remove it when the web application was stopped. Threads are going to be renewed over time to try and avoid a probable memory leak.
Oct 13, 2013 12:31:41 AM org.apache.catalina.loader.WebappClassLoader checkThreadLocalMapForLeaks
SEVERE: The web application [/medditJrubyTest] created a ThreadLocal with key of type [org.joni.StackMachine$1] (value [org.joni.StackMachine$1@254535c5]) and a value of type [java.lang.ref.WeakReference] (value [java.lang.ref.WeakReference@607edb03]) but failed to remove it when the web application was stopped. Threads are going to be renewed over time to try and avoid a probable memory leak.
Oct 13, 2013 12:31:41 AM org.apache.catalina.loader.WebappClassLoader checkThreadLocalMapForLeaks
SEVERE: The web application [/medditJrubyTest] created a ThreadLocal with key of type [org.jruby.RubyEncoding$2] (value [org.jruby.RubyEncoding$2@beb480d]) and a value of type [org.jruby.RubyEncoding.UTF8Coder] (value [org.jruby.RubyEncoding$UTF8Coder@285cd373]) but failed to remove it when the web application was stopped. Threads are going to be renewed over time to try and avoid a probable memory leak.
Oct 13, 2013 12:32:07 AM org.apache.catalina.core.StandardServer await
INFO: A valid shutdown command was received via the shutdown port. Stopping the Server instance.
Oct 13, 2013 12:32:07 AM org.apache.coyote.AbstractProtocol pause
INFO: Pausing ProtocolHandler ["http-bio-8080"]
Oct 13, 2013 12:32:07 AM org.apache.coyote.AbstractProtocol pause
INFO: Pausing ProtocolHandler ["ajp-bio-8009"]
Oct 13, 2013 12:32:07 AM org.apache.catalina.core.StandardService stopInternal
INFO: Stopping service Catalina
Oct 13, 2013 12:32:07 AM org.apache.coyote.AbstractProtocol stop
INFO: Stopping ProtocolHandler ["http-bio-8080"]
Oct 13, 2013 12:32:07 AM org.apache.coyote.AbstractProtocol stop
INFO: Stopping ProtocolHandler ["ajp-bio-8009"]
Oct 13, 2013 12:32:07 AM org.apache.coyote.AbstractProtocol destroy
INFO: Destroying ProtocolHandler ["http-bio-8080"]
Oct 13, 2013 12:32:07 AM org.apache.coyote.AbstractProtocol destroy
INFO: Destroying ProtocolHandler ["ajp-bio-8009"]
Oct 13, 2013 12:32:20 AM org.apache.catalina.core.AprLifecycleListener init
INFO: The APR based Apache Tomcat Native library which allows optimal performance in production environments was not found on the java.library.path: /Users/theo/Library/Java/Extensions:/Library/Java/Extensions:/Network/Library/Java/Extensions:/System/Library/Java/Extensions:/usr/lib/java:.
Oct 13, 2013 12:32:21 AM org.apache.coyote.AbstractProtocol init
INFO: Initializing ProtocolHandler ["http-bio-8080"]
Oct 13, 2013 12:32:21 AM org.apache.coyote.AbstractProtocol init
INFO: Initializing ProtocolHandler ["ajp-bio-8009"]
Oct 13, 2013 12:32:21 AM org.apache.catalina.startup.Catalina load
INFO: Initialization processed in 502 ms
Oct 13, 2013 12:32:21 AM org.apache.catalina.core.StandardService startInternal
INFO: Starting service Catalina
Oct 13, 2013 12:32:21 AM org.apache.catalina.core.StandardEngine startInternal
INFO: Starting Servlet Engine: Apache Tomcat/7.0.42
Oct 13, 2013 12:32:21 AM org.apache.catalina.startup.HostConfig deployWAR
INFO: Deploying web application archive /Applications/jrubystack-1.7.5-0/apache-tomcat/webapps/ROOT.war
Oct 13, 2013 12:32:22 AM org.apache.catalina.util.SessionIdGenerator createSecureRandom
INFO: Creation of SecureRandom instance for session ID generation using [SHA1PRNG] took [1,343] milliseconds.
Oct 13, 2013 12:32:22 AM org.apache.catalina.startup.HostConfig deployDirectory
INFO: Deploying web application directory /Applications/jrubystack-1.7.5-0/apache-tomcat/webapps/docs
Oct 13, 2013 12:32:22 AM org.apache.catalina.startup.HostConfig deployDirectory
INFO: Deploying web application directory /Applications/jrubystack-1.7.5-0/apache-tomcat/webapps/examples
Oct 13, 2013 12:32:22 AM org.apache.catalina.startup.HostConfig deployDirectory
INFO: Deploying web application directory /Applications/jrubystack-1.7.5-0/apache-tomcat/webapps/host-manager
Oct 13, 2013 12:32:22 AM org.apache.catalina.startup.HostConfig deployDirectory
INFO: Deploying web application directory /Applications/jrubystack-1.7.5-0/apache-tomcat/webapps/manager
Oct 13, 2013 12:32:23 AM org.apache.coyote.AbstractProtocol start
INFO: Starting ProtocolHandler ["http-bio-8080"]
Oct 13, 2013 12:32:23 AM org.apache.coyote.AbstractProtocol start
INFO: Starting ProtocolHandler ["ajp-bio-8009"]
Oct 13, 2013 12:32:23 AM org.apache.catalina.startup.Catalina start
INFO: Server startup in 1970 ms
