131012 23:11:14 mysqld_safe Starting mysqld.bin daemon with databases from /Applications/jrubystack-1.7.5-0/mysql/data
131012 23:11:14 [Note] Plugin 'FEDERATED' is disabled.
131012 23:11:14 InnoDB: The InnoDB memory heap is disabled
131012 23:11:14 InnoDB: Mutexes and rw_locks use GCC atomic builtins
131012 23:11:14 InnoDB: Compressed tables use zlib 1.2.3
131012 23:11:14 InnoDB: Initializing buffer pool, size = 128.0M
131012 23:11:14 InnoDB: Completed initialization of buffer pool
InnoDB: The first specified data file ./ibdata1 did not exist:
InnoDB: a new database to be created!
131012 23:11:14  InnoDB: Setting file ./ibdata1 size to 10 MB
InnoDB: Database physically writes the file full: wait...
131012 23:11:15  InnoDB: Log file ./ib_logfile0 did not exist: new to be created
InnoDB: Setting log file ./ib_logfile0 size to 5 MB
InnoDB: Database physically writes the file full: wait...
131012 23:11:15  InnoDB: Log file ./ib_logfile1 did not exist: new to be created
InnoDB: Setting log file ./ib_logfile1 size to 5 MB
InnoDB: Database physically writes the file full: wait...
InnoDB: Doublewrite buffer not found: creating new
InnoDB: Doublewrite buffer created
InnoDB: 127 rollback segment(s) active.
InnoDB: Creating foreign key constraint system tables
InnoDB: Foreign key constraint system tables created
131012 23:11:15  InnoDB: Waiting for the background threads to start
131012 23:11:16 InnoDB: 5.5.32 started; log sequence number 0
131012 23:11:16 [Note] Server hostname (bind-address): '127.0.0.1'; port: 3307
131012 23:11:16 [Note]   - '127.0.0.1' resolves to '127.0.0.1';
131012 23:11:16 [Note] Server socket created on IP: '127.0.0.1'.
131012 23:11:16 [Note] Event Scheduler: Loaded 0 events
131012 23:11:16 [Note] /Applications/jrubystack-1.7.5-0/mysql/bin/mysqld.bin: ready for connections.
Version: '5.5.32'  socket: '/Applications/jrubystack-1.7.5-0/mysql/tmp/mysql.sock'  port: 3307  MySQL Community Server (GPL)
131014 18:04:29 [Note] /Applications/jrubystack-1.7.5-0/mysql/bin/mysqld.bin: Normal shutdown

131014 18:04:30 [Note] Event Scheduler: Purging the queue. 0 events
131014 18:04:30  InnoDB: Starting shutdown...
131014 18:04:30  InnoDB: Shutdown completed; log sequence number 1595675
131014 18:04:30 [Note] /Applications/jrubystack-1.7.5-0/mysql/bin/mysqld.bin: Shutdown complete

131014 18:04:30 mysqld_safe mysqld from pid file /Applications/jrubystack-1.7.5-0/mysql/data/mysqld.pid ended
